<?xml version="1.0" encoding="UTF-8"?>
<robot generator="Robot 3.1.2 (Python 3.7.4 on win32)" generated="20200113 10:52:14.431" rpa="false">
<suite id="s1" name="Dp01" source="C:\Users\quocbao1\Documents\RF\digipaali-test\tests\dp01.robot">
<kw name="Suite set up" library="Common" type="setup">
<kw name="Open Browser" library="SeleniumLibrary">
<doc>Opens a new browser instance to the given ``url``.</doc>
<arguments>
<arg>about:blank</arg>
<arg>${BROWSER}</arg>
</arguments>
<msg timestamp="20200113 10:52:14.742" level="INFO">Opening browser 'chrome' to base url 'about:blank'.</msg>
<status status="PASS" starttime="20200113 10:52:14.742" endtime="20200113 10:52:16.940"></status>
</kw>
<status status="PASS" starttime="20200113 10:52:14.742" endtime="20200113 10:52:16.940"></status>
</kw>
<test id="s1-t1" name="Nodered starts automatically">
<kw name="User should be able to access Nodered page" library="DPapp">
<kw name="Navigate to Nodered" library="NodeRed">
<kw name="Go To" library="SeleniumLibrary">
<doc>Navigates the active browser instance to the provided ``url``.</doc>
<arguments>
<arg>${NODERED_URL}</arg>
</arguments>
<msg timestamp="20200113 10:52:16.944" level="INFO">Opening url 'http://localhost:1880'</msg>
<status status="PASS" starttime="20200113 10:52:16.944" endtime="20200113 10:52:17.529"></status>
</kw>
<status status="PASS" starttime="20200113 10:52:16.943" endtime="20200113 10:52:17.530"></status>
</kw>
<kw name="is accesible" library="NodeRed">
<kw name="Title Should Be" library="SeleniumLibrary">
<doc>Verifies that current page title equals ``title``.</doc>
<arguments>
<arg>Node-RED</arg>
</arguments>
<msg timestamp="20200113 10:52:17.622" level="INFO">Page title is 'Node-RED'.</msg>
<status status="PASS" starttime="20200113 10:52:17.532" endtime="20200113 10:52:17.622"></status>
</kw>
<status status="PASS" starttime="20200113 10:52:17.530" endtime="20200113 10:52:17.622"></status>
</kw>
<status status="PASS" starttime="20200113 10:52:16.943" endtime="20200113 10:52:17.622"></status>
</kw>
<doc>NodeRED runs</doc>
<status status="PASS" starttime="20200113 10:52:16.940" endtime="20200113 10:52:17.623" critical="yes"></status>
</test>
<test id="s1-t2" name="Backend starts automatically">
<kw name="User should be able to access landing page" library="DPapp">
<kw name="Navigate to UI" library="Landing">
<kw name="Go To" library="SeleniumLibrary">
<doc>Navigates the active browser instance to the provided ``url``.</doc>
<arguments>
<arg>${UI_URL}</arg>
</arguments>
<msg timestamp="20200113 10:52:17.628" level="INFO">Opening url 'http://localhost:5000'</msg>
<status status="PASS" starttime="20200113 10:52:17.628" endtime="20200113 10:52:18.240"></status>
</kw>
<status status="PASS" starttime="20200113 10:52:17.627" endtime="20200113 10:52:18.240"></status>
</kw>
<kw name="is accesible" library="Landing">
<kw name="Title Should Be" library="SeleniumLibrary">
<doc>Verifies that current page title equals ``title``.</doc>
<arguments>
<arg>DigiPaali Map</arg>
</arguments>
<msg timestamp="20200113 10:52:18.255" level="INFO">Page title is 'DigiPaali Map'.</msg>
<status status="PASS" starttime="20200113 10:52:18.241" endtime="20200113 10:52:18.256"></status>
</kw>
<status status="PASS" starttime="20200113 10:52:18.240" endtime="20200113 10:52:18.256"></status>
</kw>
<status status="PASS" starttime="20200113 10:52:17.627" endtime="20200113 10:52:18.256"></status>
</kw>
<doc>Web app and backend runs</doc>
<status status="PASS" starttime="20200113 10:52:17.626" endtime="20200113 10:52:18.256" critical="yes"></status>
</test>
<test id="s1-t3" name="MQTT broker starts automatically">
<kw name="Broker runs" library="mqtt">
<kw name="Connect" library="MQTTLibrary">
<doc>Connect to an MQTT broker. This is a pre-requisite step for publish
and subscribe keywords.</doc>
<arguments>
<arg>${BROKER}</arg>
<arg>${PORT}</arg>
<arg>${CLIENT_ID}</arg>
<arg>clean_session=True</arg>
</arguments>
<msg timestamp="20200113 10:52:18.261" level="INFO">Connecting to localhost at port 1883</msg>
<status status="PASS" starttime="20200113 10:52:18.261" endtime="20200113 10:52:18.263"></status>
</kw>
<status status="PASS" starttime="20200113 10:52:18.261" endtime="20200113 10:52:18.263"></status>
</kw>
<kw name="Test messages" library="mqtt">
<kw name="Publish" library="MQTTLibrary">
<doc>Publish a message to a topic with specified qos and retained flag.
It is required that a connection has been established using `Connect`
keyword before using this keyword.</doc>
<arguments>
<arg>hello</arg>
<arg>world</arg>
<arg>qos=0</arg>
<arg>retain=False</arg>
</arguments>
<msg timestamp="20200113 10:52:18.265" level="INFO">Publish topic: hello, message: world, qos: 0, retain: False</msg>
<status status="PASS" starttime="20200113 10:52:18.265" endtime="20200113 10:52:18.265"></status>
</kw>
<status status="PASS" starttime="20200113 10:52:18.264" endtime="20200113 10:52:18.265"></status>
</kw>
<doc>MQTT broker runs and can be connected to</doc>
<status status="PASS" starttime="20200113 10:52:18.258" endtime="20200113 10:52:18.266" critical="yes"></status>
</test>
<test id="s1-t4" name="First bale started">
<kw name="Checks if new baleID has been made" library="api">
<kw name="GET request and verify response" library="api">
<arguments>
<arg>test</arg>
<arg>200</arg>
</arguments>
<assign>
<var>${res}</var>
</assign>
<kw name="Create Session" library="RequestsLibrary">
<doc>Create Session: create a HTTP session to a server</doc>
<arguments>
<arg>my_session</arg>
<arg>${UI_URL}</arg>
</arguments>
<msg timestamp="20200113 10:52:18.268" level="INFO">Creating Session using : alias=my_session, url=http://localhost:5000, headers={},                     cookies={}, auth=None, timeout=None, proxies=None, verify=False,                     debug=0 </msg>
<status status="PASS" starttime="20200113 10:52:18.268" endtime="20200113 10:52:18.268"></status>
</kw>
<kw name="Get Request" library="RequestsLibrary">
<doc>Send a GET request on the session object found using the
given `alias`</doc>
<arguments>
<arg>my_session</arg>
<arg>${uri}</arg>
</arguments>
<assign>
<var>${res}</var>
</assign>
<msg timestamp="20200113 10:52:18.269" level="INFO">GET Request using : uri=test, params=None, allow_redirects=True, timeout=None
headers={'User-Agent': 'python-requests/2.22.0', 'Accept-Encoding': 'gzip, deflate', 'Accept': '*/*', 'Connection': 'keep-alive'} 
data=None 
json=None</msg>
<msg timestamp="20200113 10:52:18.275" level="INFO">${res} = &lt;Response [200]&gt;</msg>
<status status="PASS" starttime="20200113 10:52:18.269" endtime="20200113 10:52:18.275"></status>
</kw>
<kw name="Should Be Equal As Strings" library="BuiltIn">
<doc>Fails if objects are unequal after converting them to strings.</doc>
<arguments>
<arg>${res.status_code}</arg>
<arg>${status_code}</arg>
</arguments>
<msg timestamp="20200113 10:52:18.278" level="INFO">Argument types are:
&lt;class 'int'&gt;
&lt;type 'unicode'&gt;</msg>
<status status="PASS" starttime="20200113 10:52:18.276" endtime="20200113 10:52:18.278"></status>
</kw>
<kw name="Set Variable" library="BuiltIn">
<doc>Returns the given values which can then be assigned to a variables.</doc>
<arguments>
<arg>${res.json()}</arg>
</arguments>
<assign>
<var>${json}</var>
</assign>
<msg timestamp="20200113 10:52:18.279" level="INFO">${json} = {'timenow': '1578905478303', 'arr': ['1578905478303'], 'arr2': [{'Latitude': 60, 'Longitude': 24, 'DateTimeCreated': '2020-01-13T08:51:22.215Z', 'IsDeleted': False}, {'Latitude': 60, 'Longitude': 24, ...</msg>
<status status="PASS" starttime="20200113 10:52:18.279" endtime="20200113 10:52:18.279"></status>
</kw>
<kw name="Return From Keyword" library="BuiltIn">
<doc>Returns from the enclosing user keyword.</doc>
<arguments>
<arg>${json}</arg>
</arguments>
<msg timestamp="20200113 10:52:18.280" level="INFO">Returning from the enclosing user keyword.</msg>
<status status="PASS" starttime="20200113 10:52:18.279" endtime="20200113 10:52:18.280"></status>
</kw>
<msg timestamp="20200113 10:52:18.280" level="INFO">${res} = {'timenow': '1578905478303', 'arr': ['1578905478303'], 'arr2': [{'Latitude': 60, 'Longitude': 24, 'DateTimeCreated': '2020-01-13T08:51:22.215Z', 'IsDeleted': False}, {'Latitude': 60, 'Longitude': 24, ...</msg>
<status status="PASS" starttime="20200113 10:52:18.268" endtime="20200113 10:52:18.280"></status>
</kw>
<kw name="Should Not Be Empty" library="BuiltIn">
<doc>Verifies that the given item is not empty.</doc>
<arguments>
<arg>${res}[timenow]</arg>
</arguments>
<msg timestamp="20200113 10:52:18.281" level="INFO">Length is 13</msg>
<status status="PASS" starttime="20200113 10:52:18.281" endtime="20200113 10:52:18.281"></status>
</kw>
<kw name="Set Global Variable" library="BuiltIn">
<doc>Makes a variable available globally in all tests and suites.</doc>
<arguments>
<arg>${PREVIOUS_CONTEXT}</arg>
<arg>${res}</arg>
</arguments>
<msg timestamp="20200113 10:52:18.282" level="INFO">${PREVIOUS_CONTEXT} = {'timenow': '1578905478303', 'arr': ['1578905478303'], 'arr2': [{'Latitude': 60, 'Longitude': 24, 'DateTimeCreated': '2020-01-13T08:51:22.215Z', 'IsDeleted': False}, {'Latitude': 60, 'Longitude': 24, ...</msg>
<status status="PASS" starttime="20200113 10:52:18.281" endtime="20200113 10:52:18.282"></status>
</kw>
<status status="PASS" starttime="20200113 10:52:18.267" endtime="20200113 10:52:18.282"></status>
</kw>
<doc>System makes a new baleID</doc>
<status status="PASS" starttime="20200113 10:52:18.267" endtime="20200113 10:52:18.283" critical="yes"></status>
</test>
<test id="s1-t5" name="Rfid tags are processed correctly">
<kw name="Send rfid tags" library="mqtt">
<kw name="Generate Random String" library="String">
<doc>Generates a string with a desired ``length`` from the given ``chars``.</doc>
<arguments>
<arg>24</arg>
<arg>[NUMBERS][UPPER]</arg>
</arguments>
<assign>
<var>${epc}</var>
</assign>
<msg timestamp="20200113 10:52:18.285" level="INFO">${epc} = M1ECXZE1BD06QRZA7518U2RL</msg>
<status status="PASS" starttime="20200113 10:52:18.285" endtime="20200113 10:52:18.285"></status>
</kw>
<kw name="Publish" library="MQTTLibrary">
<doc>Publish a message to a topic with specified qos and retained flag.
It is required that a connection has been established using `Connect`
keyword before using this keyword.</doc>
<arguments>
<arg>nurapisample/epc</arg>
<arg>{"id":"${epc}"}</arg>
<arg>qos=0</arg>
<arg>retain=False</arg>
</arguments>
<msg timestamp="20200113 10:52:18.286" level="INFO">Publish topic: nurapisample/epc, message: {"id":"M1ECXZE1BD06QRZA7518U2RL"}, qos: 0, retain: False</msg>
<status status="PASS" starttime="20200113 10:52:18.285" endtime="20200113 10:52:18.286"></status>
</kw>
<status status="PASS" starttime="20200113 10:52:18.284" endtime="20200113 10:52:18.286"></status>
</kw>
<kw name="Check tags id in &quot;context&quot;" library="api">
<kw name="Check array increments" library="api">
<arguments>
<arg>arr</arg>
<arg>2</arg>
</arguments>
<kw name="GET request and verify response" library="api">
<arguments>
<arg>test</arg>
<arg>200</arg>
</arguments>
<assign>
<var>${res}</var>
</assign>
<kw name="Create Session" library="RequestsLibrary">
<doc>Create Session: create a HTTP session to a server</doc>
<arguments>
<arg>my_session</arg>
<arg>${UI_URL}</arg>
</arguments>
<msg timestamp="20200113 10:52:18.289" level="INFO">Creating Session using : alias=my_session, url=http://localhost:5000, headers={},                     cookies={}, auth=None, timeout=None, proxies=None, verify=False,                     debug=0 </msg>
<status status="PASS" starttime="20200113 10:52:18.289" endtime="20200113 10:52:18.289"></status>
</kw>
<kw name="Get Request" library="RequestsLibrary">
<doc>Send a GET request on the session object found using the
given `alias`</doc>
<arguments>
<arg>my_session</arg>
<arg>${uri}</arg>
</arguments>
<assign>
<var>${res}</var>
</assign>
<msg timestamp="20200113 10:52:18.290" level="INFO">GET Request using : uri=test, params=None, allow_redirects=True, timeout=None
headers={'User-Agent': 'python-requests/2.22.0', 'Accept-Encoding': 'gzip, deflate', 'Accept': '*/*', 'Connection': 'keep-alive'} 
data=None 
json=None</msg>
<msg timestamp="20200113 10:52:18.299" level="INFO">${res} = &lt;Response [200]&gt;</msg>
<status status="PASS" starttime="20200113 10:52:18.290" endtime="20200113 10:52:18.299"></status>
</kw>
<kw name="Should Be Equal As Strings" library="BuiltIn">
<doc>Fails if objects are unequal after converting them to strings.</doc>
<arguments>
<arg>${res.status_code}</arg>
<arg>${status_code}</arg>
</arguments>
<msg timestamp="20200113 10:52:18.299" level="INFO">Argument types are:
&lt;class 'int'&gt;
&lt;type 'unicode'&gt;</msg>
<status status="PASS" starttime="20200113 10:52:18.299" endtime="20200113 10:52:18.299"></status>
</kw>
<kw name="Set Variable" library="BuiltIn">
<doc>Returns the given values which can then be assigned to a variables.</doc>
<arguments>
<arg>${res.json()}</arg>
</arguments>
<assign>
<var>${json}</var>
</assign>
<msg timestamp="20200113 10:52:18.300" level="INFO">${json} = {'timenow': '1578905478303', 'arr': ['1578905478303', 'M1ECXZE1BD06QRZA7518U2RL'], 'arr2': [{'Latitude': 60, 'Longitude': 24, 'DateTimeCreated': '2020-01-13T08:51:22.215Z', 'IsDeleted': False}, {'Lati...</msg>
<status status="PASS" starttime="20200113 10:52:18.300" endtime="20200113 10:52:18.300"></status>
</kw>
<kw name="Return From Keyword" library="BuiltIn">
<doc>Returns from the enclosing user keyword.</doc>
<arguments>
<arg>${json}</arg>
</arguments>
<msg timestamp="20200113 10:52:18.300" level="INFO">Returning from the enclosing user keyword.</msg>
<status status="PASS" starttime="20200113 10:52:18.300" endtime="20200113 10:52:18.301"></status>
</kw>
<msg timestamp="20200113 10:52:18.301" level="INFO">${res} = {'timenow': '1578905478303', 'arr': ['1578905478303', 'M1ECXZE1BD06QRZA7518U2RL'], 'arr2': [{'Latitude': 60, 'Longitude': 24, 'DateTimeCreated': '2020-01-13T08:51:22.215Z', 'IsDeleted': False}, {'Lati...</msg>
<status status="PASS" starttime="20200113 10:52:18.288" endtime="20200113 10:52:18.301"></status>
</kw>
<kw name="Get Length" library="BuiltIn">
<doc>Returns and logs the length of the given item as an integer.</doc>
<arguments>
<arg>${res}[${array}]</arg>
</arguments>
<assign>
<var>${res_length}</var>
</assign>
<msg timestamp="20200113 10:52:18.302" level="INFO">Length is 2</msg>
<msg timestamp="20200113 10:52:18.302" level="INFO">${res_length} = 2</msg>
<status status="PASS" starttime="20200113 10:52:18.301" endtime="20200113 10:52:18.302"></status>
</kw>
<kw name="Run Keyword And Ignore Error" library="BuiltIn">
<doc>Runs the given keyword with the given arguments and ignores possible error.</doc>
<arguments>
<arg>get length</arg>
<arg>${PREVIOUS_CONTEXT}[${array}]</arg>
</arguments>
<assign>
<var>${pre_length}</var>
</assign>
<kw name="Get Length" library="BuiltIn">
<doc>Returns and logs the length of the given item as an integer.</doc>
<arguments>
<arg>${PREVIOUS_CONTEXT}[${array}]</arg>
</arguments>
<msg timestamp="20200113 10:52:18.302" level="INFO">Length is 1</msg>
<status status="PASS" starttime="20200113 10:52:18.302" endtime="20200113 10:52:18.302"></status>
</kw>
<msg timestamp="20200113 10:52:18.303" level="INFO">${pre_length} = ('PASS', 1)</msg>
<status status="PASS" starttime="20200113 10:52:18.302" endtime="20200113 10:52:18.303"></status>
</kw>
<kw name="Run Keyword Unless" library="BuiltIn">
<doc>Runs the given keyword with the given arguments if ``condition`` is false.</doc>
<arguments>
<arg>'${pre_length[0]}' == 'PASS'</arg>
<arg>should be true</arg>
<arg>${res_length}&gt;=${starting_number}</arg>
</arguments>
<status status="PASS" starttime="20200113 10:52:18.303" endtime="20200113 10:52:18.303"></status>
</kw>
<kw name="Run Keyword If" library="BuiltIn">
<doc>Runs the given keyword with the given arguments, if ``condition`` is true.</doc>
<arguments>
<arg>'${pre_length[0]}' == 'PASS'</arg>
<arg>should be true</arg>
<arg>${res_length}&gt;=${pre_length[1]+1}</arg>
</arguments>
<kw name="Should Be True" library="BuiltIn">
<doc>Fails if the given condition is not true.</doc>
<arguments>
<arg>${res_length}&gt;=${pre_length[1]+1}</arg>
</arguments>
<status status="PASS" starttime="20200113 10:52:18.304" endtime="20200113 10:52:18.305"></status>
</kw>
<status status="PASS" starttime="20200113 10:52:18.303" endtime="20200113 10:52:18.305"></status>
</kw>
<kw name="Set Global Variable" library="BuiltIn">
<doc>Makes a variable available globally in all tests and suites.</doc>
<arguments>
<arg>${PREVIOUS_CONTEXT}</arg>
<arg>${res}</arg>
</arguments>
<msg timestamp="20200113 10:52:18.305" level="INFO">${PREVIOUS_CONTEXT} = {'timenow': '1578905478303', 'arr': ['1578905478303', 'M1ECXZE1BD06QRZA7518U2RL'], 'arr2': [{'Latitude': 60, 'Longitude': 24, 'DateTimeCreated': '2020-01-13T08:51:22.215Z', 'IsDeleted': False}, {'Lati...</msg>
<status status="PASS" starttime="20200113 10:52:18.305" endtime="20200113 10:52:18.305"></status>
</kw>
<status status="PASS" starttime="20200113 10:52:18.287" endtime="20200113 10:52:18.306"></status>
</kw>
<status status="PASS" starttime="20200113 10:52:18.287" endtime="20200113 10:52:18.306"></status>
</kw>
<doc>Sends a tag id to broker and check if system processes properly</doc>
<status status="PASS" starttime="20200113 10:52:18.284" endtime="20200113 10:52:18.306" critical="yes"></status>
</test>
<test id="s1-t6" name="Location path is sent">
<kw name="Listen for location path msg" library="mqtt">
<kw name="Subscribe" library="MQTTLibrary">
<doc>Subscribe to a topic and return a list of message payloads received
    within the specified time.</doc>
<arguments>
<arg>outTopic3</arg>
<arg>0</arg>
<arg>timeout=12</arg>
<arg>limit=0</arg>
</arguments>
<assign>
<var>${msg}</var>
</assign>
<msg timestamp="20200113 10:52:18.312" level="INFO">Subscribing to topic: outTopic3</msg>
<msg timestamp="20200113 10:52:31.225" level="INFO">${msg} = ['{"long":24,"lat":60}']</msg>
<status status="PASS" starttime="20200113 10:52:18.312" endtime="20200113 10:52:31.225"></status>
</kw>
<kw name="Should Not Be Empty" library="BuiltIn">
<doc>Verifies that the given item is not empty.</doc>
<arguments>
<arg>${msg}</arg>
</arguments>
<msg timestamp="20200113 10:52:31.225" level="INFO">Length is 1</msg>
<status status="PASS" starttime="20200113 10:52:31.225" endtime="20200113 10:52:31.226"></status>
</kw>
<status status="PASS" starttime="20200113 10:52:18.311" endtime="20200113 10:52:31.226"></status>
</kw>
<kw name="Check paths in &quot;context&quot;" library="api">
<kw name="Check array increments" library="api">
<arguments>
<arg>arr2</arg>
<arg>1</arg>
</arguments>
<kw name="GET request and verify response" library="api">
<arguments>
<arg>test</arg>
<arg>200</arg>
</arguments>
<assign>
<var>${res}</var>
</assign>
<kw name="Create Session" library="RequestsLibrary">
<doc>Create Session: create a HTTP session to a server</doc>
<arguments>
<arg>my_session</arg>
<arg>${UI_URL}</arg>
</arguments>
<msg timestamp="20200113 10:52:31.227" level="INFO">Creating Session using : alias=my_session, url=http://localhost:5000, headers={},                     cookies={}, auth=None, timeout=None, proxies=None, verify=False,                     debug=0 </msg>
<status status="PASS" starttime="20200113 10:52:31.227" endtime="20200113 10:52:31.227"></status>
</kw>
<kw name="Get Request" library="RequestsLibrary">
<doc>Send a GET request on the session object found using the
given `alias`</doc>
<arguments>
<arg>my_session</arg>
<arg>${uri}</arg>
</arguments>
<assign>
<var>${res}</var>
</assign>
<msg timestamp="20200113 10:52:31.228" level="INFO">GET Request using : uri=test, params=None, allow_redirects=True, timeout=None
headers={'User-Agent': 'python-requests/2.22.0', 'Accept-Encoding': 'gzip, deflate', 'Accept': '*/*', 'Connection': 'keep-alive'} 
data=None 
json=None</msg>
<msg timestamp="20200113 10:52:31.231" level="INFO">${res} = &lt;Response [200]&gt;</msg>
<status status="PASS" starttime="20200113 10:52:31.228" endtime="20200113 10:52:31.231"></status>
</kw>
<kw name="Should Be Equal As Strings" library="BuiltIn">
<doc>Fails if objects are unequal after converting them to strings.</doc>
<arguments>
<arg>${res.status_code}</arg>
<arg>${status_code}</arg>
</arguments>
<msg timestamp="20200113 10:52:31.232" level="INFO">Argument types are:
&lt;class 'int'&gt;
&lt;type 'unicode'&gt;</msg>
<status status="PASS" starttime="20200113 10:52:31.231" endtime="20200113 10:52:31.232"></status>
</kw>
<kw name="Set Variable" library="BuiltIn">
<doc>Returns the given values which can then be assigned to a variables.</doc>
<arguments>
<arg>${res.json()}</arg>
</arguments>
<assign>
<var>${json}</var>
</assign>
<msg timestamp="20200113 10:52:31.233" level="INFO">${json} = {'timenow': '1578905478303', 'arr': ['1578905478303', 'M1ECXZE1BD06QRZA7518U2RL'], 'arr2': [{'Latitude': 60, 'Longitude': 24, 'DateTimeCreated': '2020-01-13T08:51:22.215Z', 'IsDeleted': False}, {'Lati...</msg>
<status status="PASS" starttime="20200113 10:52:31.232" endtime="20200113 10:52:31.233"></status>
</kw>
<kw name="Return From Keyword" library="BuiltIn">
<doc>Returns from the enclosing user keyword.</doc>
<arguments>
<arg>${json}</arg>
</arguments>
<msg timestamp="20200113 10:52:31.233" level="INFO">Returning from the enclosing user keyword.</msg>
<status status="PASS" starttime="20200113 10:52:31.233" endtime="20200113 10:52:31.233"></status>
</kw>
<msg timestamp="20200113 10:52:31.233" level="INFO">${res} = {'timenow': '1578905478303', 'arr': ['1578905478303', 'M1ECXZE1BD06QRZA7518U2RL'], 'arr2': [{'Latitude': 60, 'Longitude': 24, 'DateTimeCreated': '2020-01-13T08:51:22.215Z', 'IsDeleted': False}, {'Lati...</msg>
<status status="PASS" starttime="20200113 10:52:31.227" endtime="20200113 10:52:31.233"></status>
</kw>
<kw name="Get Length" library="BuiltIn">
<doc>Returns and logs the length of the given item as an integer.</doc>
<arguments>
<arg>${res}[${array}]</arg>
</arguments>
<assign>
<var>${res_length}</var>
</assign>
<msg timestamp="20200113 10:52:31.234" level="INFO">Length is 7</msg>
<msg timestamp="20200113 10:52:31.234" level="INFO">${res_length} = 7</msg>
<status status="PASS" starttime="20200113 10:52:31.233" endtime="20200113 10:52:31.234"></status>
</kw>
<kw name="Run Keyword And Ignore Error" library="BuiltIn">
<doc>Runs the given keyword with the given arguments and ignores possible error.</doc>
<arguments>
<arg>get length</arg>
<arg>${PREVIOUS_CONTEXT}[${array}]</arg>
</arguments>
<assign>
<var>${pre_length}</var>
</assign>
<kw name="Get Length" library="BuiltIn">
<doc>Returns and logs the length of the given item as an integer.</doc>
<arguments>
<arg>${PREVIOUS_CONTEXT}[${array}]</arg>
</arguments>
<msg timestamp="20200113 10:52:31.234" level="INFO">Length is 6</msg>
<status status="PASS" starttime="20200113 10:52:31.234" endtime="20200113 10:52:31.234"></status>
</kw>
<msg timestamp="20200113 10:52:31.234" level="INFO">${pre_length} = ('PASS', 6)</msg>
<status status="PASS" starttime="20200113 10:52:31.234" endtime="20200113 10:52:31.234"></status>
</kw>
<kw name="Run Keyword Unless" library="BuiltIn">
<doc>Runs the given keyword with the given arguments if ``condition`` is false.</doc>
<arguments>
<arg>'${pre_length[0]}' == 'PASS'</arg>
<arg>should be true</arg>
<arg>${res_length}&gt;=${starting_number}</arg>
</arguments>
<status status="PASS" starttime="20200113 10:52:31.235" endtime="20200113 10:52:31.235"></status>
</kw>
<kw name="Run Keyword If" library="BuiltIn">
<doc>Runs the given keyword with the given arguments, if ``condition`` is true.</doc>
<arguments>
<arg>'${pre_length[0]}' == 'PASS'</arg>
<arg>should be true</arg>
<arg>${res_length}&gt;=${pre_length[1]+1}</arg>
</arguments>
<kw name="Should Be True" library="BuiltIn">
<doc>Fails if the given condition is not true.</doc>
<arguments>
<arg>${res_length}&gt;=${pre_length[1]+1}</arg>
</arguments>
<status status="PASS" starttime="20200113 10:52:31.235" endtime="20200113 10:52:31.236"></status>
</kw>
<status status="PASS" starttime="20200113 10:52:31.235" endtime="20200113 10:52:31.236"></status>
</kw>
<kw name="Set Global Variable" library="BuiltIn">
<doc>Makes a variable available globally in all tests and suites.</doc>
<arguments>
<arg>${PREVIOUS_CONTEXT}</arg>
<arg>${res}</arg>
</arguments>
<msg timestamp="20200113 10:52:31.236" level="INFO">${PREVIOUS_CONTEXT} = {'timenow': '1578905478303', 'arr': ['1578905478303', 'M1ECXZE1BD06QRZA7518U2RL'], 'arr2': [{'Latitude': 60, 'Longitude': 24, 'DateTimeCreated': '2020-01-13T08:51:22.215Z', 'IsDeleted': False}, {'Lati...</msg>
<status status="PASS" starttime="20200113 10:52:31.236" endtime="20200113 10:52:31.236"></status>
</kw>
<status status="PASS" starttime="20200113 10:52:31.226" endtime="20200113 10:52:31.236"></status>
</kw>
<status status="PASS" starttime="20200113 10:52:31.226" endtime="20200113 10:52:31.237"></status>
</kw>
<doc>Wait until receiving mqtt msg under topic "outTopic3", checks that it is saved in "context"</doc>
<status status="PASS" starttime="20200113 10:52:18.308" endtime="20200113 10:52:31.237" critical="yes"></status>
</test>
<test id="s1-t7" name="&quot;Upload&quot; button sends trigger to backend">
<kw name="Press &quot;upload&quot;" library="DPapp">
<kw name="Press &quot;upload&quot; button" library="Landing">
<kw name="Click Button" library="SeleniumLibrary">
<doc>Clicks button identified by ``locator``.</doc>
<arguments>
<arg>//*[@id="upload"]</arg>
</arguments>
<msg timestamp="20200113 10:52:31.240" level="INFO">Clicking button '//*[@id="upload"]'.</msg>
<status status="PASS" starttime="20200113 10:52:31.240" endtime="20200113 10:52:31.304"></status>
</kw>
<kw name="Sleep" library="BuiltIn">
<doc>Pauses the test executed for the given time.</doc>
<arguments>
<arg>3s</arg>
</arguments>
<msg timestamp="20200113 10:52:34.305" level="INFO">Slept 3 seconds</msg>
<status status="PASS" starttime="20200113 10:52:31.305" endtime="20200113 10:52:34.305"></status>
</kw>
<status status="PASS" starttime="20200113 10:52:31.240" endtime="20200113 10:52:34.305"></status>
</kw>
<status status="PASS" starttime="20200113 10:52:31.239" endtime="20200113 10:52:34.305"></status>
</kw>
<kw name="Check baleData" library="api">
<kw name="GET request and verify response" library="api">
<arguments>
<arg>baleData</arg>
<arg>200</arg>
</arguments>
<assign>
<var>${res}</var>
</assign>
<kw name="Create Session" library="RequestsLibrary">
<doc>Create Session: create a HTTP session to a server</doc>
<arguments>
<arg>my_session</arg>
<arg>${UI_URL}</arg>
</arguments>
<msg timestamp="20200113 10:52:34.307" level="INFO">Creating Session using : alias=my_session, url=http://localhost:5000, headers={},                     cookies={}, auth=None, timeout=None, proxies=None, verify=False,                     debug=0 </msg>
<status status="PASS" starttime="20200113 10:52:34.307" endtime="20200113 10:52:34.307"></status>
</kw>
<kw name="Get Request" library="RequestsLibrary">
<doc>Send a GET request on the session object found using the
given `alias`</doc>
<arguments>
<arg>my_session</arg>
<arg>${uri}</arg>
</arguments>
<assign>
<var>${res}</var>
</assign>
<msg timestamp="20200113 10:52:34.308" level="INFO">GET Request using : uri=baleData, params=None, allow_redirects=True, timeout=None
headers={'User-Agent': 'python-requests/2.22.0', 'Accept-Encoding': 'gzip, deflate', 'Accept': '*/*', 'Connection': 'keep-alive'} 
data=None 
json=None</msg>
<msg timestamp="20200113 10:52:34.312" level="INFO">${res} = &lt;Response [200]&gt;</msg>
<status status="PASS" starttime="20200113 10:52:34.307" endtime="20200113 10:52:34.312"></status>
</kw>
<kw name="Should Be Equal As Strings" library="BuiltIn">
<doc>Fails if objects are unequal after converting them to strings.</doc>
<arguments>
<arg>${res.status_code}</arg>
<arg>${status_code}</arg>
</arguments>
<msg timestamp="20200113 10:52:34.313" level="INFO">Argument types are:
&lt;class 'int'&gt;
&lt;type 'unicode'&gt;</msg>
<status status="PASS" starttime="20200113 10:52:34.312" endtime="20200113 10:52:34.313"></status>
</kw>
<kw name="Set Variable" library="BuiltIn">
<doc>Returns the given values which can then be assigned to a variables.</doc>
<arguments>
<arg>${res.json()}</arg>
</arguments>
<assign>
<var>${json}</var>
</assign>
<msg timestamp="20200113 10:52:34.313" level="INFO">${json} = {'deviceId': 'LittleBoy', 'key': 'eBmI9Cq1RbV3ISEeuJAUk+OtmimSj4fBdGyViSRkYJM=', 'protocol': 'mqtt', 'data': {'baleId': ['1578905478303', 'M1ECXZE1BD06QRZA7518U2RL'], 'externalTemperature': '23.7', 'e...</msg>
<status status="PASS" starttime="20200113 10:52:34.313" endtime="20200113 10:52:34.313"></status>
</kw>
<kw name="Return From Keyword" library="BuiltIn">
<doc>Returns from the enclosing user keyword.</doc>
<arguments>
<arg>${json}</arg>
</arguments>
<msg timestamp="20200113 10:52:34.314" level="INFO">Returning from the enclosing user keyword.</msg>
<status status="PASS" starttime="20200113 10:52:34.313" endtime="20200113 10:52:34.314"></status>
</kw>
<msg timestamp="20200113 10:52:34.314" level="INFO">${res} = {'deviceId': 'LittleBoy', 'key': 'eBmI9Cq1RbV3ISEeuJAUk+OtmimSj4fBdGyViSRkYJM=', 'protocol': 'mqtt', 'data': {'baleId': ['1578905478303', 'M1ECXZE1BD06QRZA7518U2RL'], 'externalTemperature': '23.7', 'e...</msg>
<status status="PASS" starttime="20200113 10:52:34.306" endtime="20200113 10:52:34.314"></status>
</kw>
<kw name="Should Be Equal As Strings" library="BuiltIn">
<doc>Fails if objects are unequal after converting them to strings.</doc>
<arguments>
<arg>${PREVIOUS_CONTEXT}[timenow]</arg>
<arg>${res}[data][baleId][0]</arg>
</arguments>
<status status="PASS" starttime="20200113 10:52:34.314" endtime="20200113 10:52:34.315"></status>
</kw>
<status status="PASS" starttime="20200113 10:52:34.306" endtime="20200113 10:52:34.315"></status>
</kw>
<doc>Simulate button pressing, check if signal is sent, check that arduino sends data</doc>
<status status="PASS" starttime="20200113 10:52:31.239" endtime="20200113 10:52:34.315" critical="yes"></status>
</test>
<test id="s1-t8" name="System is started over">
<kw name="Check if another baleId has been made" library="api">
<kw name="GET request and verify response" library="api">
<arguments>
<arg>test</arg>
<arg>200</arg>
</arguments>
<assign>
<var>${res}</var>
</assign>
<kw name="Create Session" library="RequestsLibrary">
<doc>Create Session: create a HTTP session to a server</doc>
<arguments>
<arg>my_session</arg>
<arg>${UI_URL}</arg>
</arguments>
<msg timestamp="20200113 10:52:34.318" level="INFO">Creating Session using : alias=my_session, url=http://localhost:5000, headers={},                     cookies={}, auth=None, timeout=None, proxies=None, verify=False,                     debug=0 </msg>
<status status="PASS" starttime="20200113 10:52:34.317" endtime="20200113 10:52:34.318"></status>
</kw>
<kw name="Get Request" library="RequestsLibrary">
<doc>Send a GET request on the session object found using the
given `alias`</doc>
<arguments>
<arg>my_session</arg>
<arg>${uri}</arg>
</arguments>
<assign>
<var>${res}</var>
</assign>
<msg timestamp="20200113 10:52:34.318" level="INFO">GET Request using : uri=test, params=None, allow_redirects=True, timeout=None
headers={'User-Agent': 'python-requests/2.22.0', 'Accept-Encoding': 'gzip, deflate', 'Accept': '*/*', 'Connection': 'keep-alive'} 
data=None 
json=None</msg>
<msg timestamp="20200113 10:52:34.322" level="INFO">${res} = &lt;Response [200]&gt;</msg>
<status status="PASS" starttime="20200113 10:52:34.318" endtime="20200113 10:52:34.322"></status>
</kw>
<kw name="Should Be Equal As Strings" library="BuiltIn">
<doc>Fails if objects are unequal after converting them to strings.</doc>
<arguments>
<arg>${res.status_code}</arg>
<arg>${status_code}</arg>
</arguments>
<msg timestamp="20200113 10:52:34.322" level="INFO">Argument types are:
&lt;class 'int'&gt;
&lt;type 'unicode'&gt;</msg>
<status status="PASS" starttime="20200113 10:52:34.322" endtime="20200113 10:52:34.322"></status>
</kw>
<kw name="Set Variable" library="BuiltIn">
<doc>Returns the given values which can then be assigned to a variables.</doc>
<arguments>
<arg>${res.json()}</arg>
</arguments>
<assign>
<var>${json}</var>
</assign>
<msg timestamp="20200113 10:52:34.323" level="INFO">${json} = {'timenow': '1578905551303', 'arr': ['1578905551303'], 'arr2': [{'Latitude': 60, 'Longitude': 24, 'DateTimeCreated': '2020-01-13T08:52:32.219Z', 'IsDeleted': False}]}</msg>
<status status="PASS" starttime="20200113 10:52:34.322" endtime="20200113 10:52:34.323"></status>
</kw>
<kw name="Return From Keyword" library="BuiltIn">
<doc>Returns from the enclosing user keyword.</doc>
<arguments>
<arg>${json}</arg>
</arguments>
<msg timestamp="20200113 10:52:34.323" level="INFO">Returning from the enclosing user keyword.</msg>
<status status="PASS" starttime="20200113 10:52:34.323" endtime="20200113 10:52:34.323"></status>
</kw>
<msg timestamp="20200113 10:52:34.323" level="INFO">${res} = {'timenow': '1578905551303', 'arr': ['1578905551303'], 'arr2': [{'Latitude': 60, 'Longitude': 24, 'DateTimeCreated': '2020-01-13T08:52:32.219Z', 'IsDeleted': False}]}</msg>
<status status="PASS" starttime="20200113 10:52:34.317" endtime="20200113 10:52:34.323"></status>
</kw>
<kw name="Should Not Be Empty" library="BuiltIn">
<doc>Verifies that the given item is not empty.</doc>
<arguments>
<arg>${res}[timenow]</arg>
</arguments>
<msg timestamp="20200113 10:52:34.324" level="INFO">Length is 13</msg>
<status status="PASS" starttime="20200113 10:52:34.324" endtime="20200113 10:52:34.324"></status>
</kw>
<kw name="Should Not Be Equal As Strings" library="BuiltIn">
<doc>Fails if objects are equal after converting them to strings.</doc>
<arguments>
<arg>${PREVIOUS_CONTEXT}[timenow]</arg>
<arg>${res}[timenow]</arg>
</arguments>
<status status="PASS" starttime="20200113 10:52:34.324" endtime="20200113 10:52:34.324"></status>
</kw>
<kw name="Log" library="BuiltIn">
<doc>Logs the given message with the given level.</doc>
<arguments>
<arg>${PREVIOUS_CONTEXT}[timenow]</arg>
</arguments>
<msg timestamp="20200113 10:52:34.325" level="INFO">1578905478303</msg>
<status status="PASS" starttime="20200113 10:52:34.324" endtime="20200113 10:52:34.325"></status>
</kw>
<kw name="Log" library="BuiltIn">
<doc>Logs the given message with the given level.</doc>
<arguments>
<arg>${res}[timenow]</arg>
</arguments>
<msg timestamp="20200113 10:52:34.325" level="INFO">1578905551303</msg>
<status status="PASS" starttime="20200113 10:52:34.325" endtime="20200113 10:52:34.325"></status>
</kw>
<kw name="Set Global Variable" library="BuiltIn">
<doc>Makes a variable available globally in all tests and suites.</doc>
<arguments>
<arg>${PREVIOUS_CONTEXT}</arg>
<arg>${res}</arg>
</arguments>
<msg timestamp="20200113 10:52:34.326" level="INFO">${PREVIOUS_CONTEXT} = {'timenow': '1578905551303', 'arr': ['1578905551303'], 'arr2': [{'Latitude': 60, 'Longitude': 24, 'DateTimeCreated': '2020-01-13T08:52:32.219Z', 'IsDeleted': False}]}</msg>
<status status="PASS" starttime="20200113 10:52:34.325" endtime="20200113 10:52:34.326"></status>
</kw>
<status status="PASS" starttime="20200113 10:52:34.317" endtime="20200113 10:52:34.326"></status>
</kw>
<doc>System makes a new baleID</doc>
<tags>
<tag>Current</tag>
</tags>
<status status="PASS" starttime="20200113 10:52:34.316" endtime="20200113 10:52:34.326" critical="yes"></status>
</test>
<kw name="Suite tear down" library="Common" type="teardown">
<kw name="Close Browser" library="SeleniumLibrary">
<doc>Closes the current browser.</doc>
<status status="PASS" starttime="20200113 10:52:34.330" endtime="20200113 10:52:36.535"></status>
</kw>
<status status="PASS" starttime="20200113 10:52:34.329" endtime="20200113 10:52:36.535"></status>
</kw>
<doc>Testing digipaali device work flows - Scenario: No canbus/weight/ending signal, DM sensor installed</doc>
<status status="PASS" starttime="20200113 10:52:14.433" endtime="20200113 10:52:36.535"></status>
</suite>
<statistics>
<total>
<stat pass="8" fail="0">Critical Tests</stat>
<stat pass="8" fail="0">All Tests</stat>
</total>
<tag>
<stat pass="1" fail="0">Current</stat>
</tag>
<suite>
<stat pass="8" fail="0" id="s1" name="Dp01">Dp01</stat>
</suite>
</statistics>
<errors>
</errors>
</robot>
